{"C:\\Users\\Adrian Bradu\\Desktop\\React\\reelridge\\src\\utils\\utils.ts": {"path":"C:\\Users\\Adrian Bradu\\Desktop\\React\\reelridge\\src\\utils\\utils.ts","all":false,"statementMap":{"0":{"start":{"line":1,"column":0},"end":{"line":1,"column":47}},"1":{"start":{"line":2,"column":0},"end":{"line":2,"column":0}},"2":{"start":{"line":3,"column":0},"end":{"line":3,"column":38}},"3":{"start":{"line":4,"column":0},"end":{"line":4,"column":79}},"4":{"start":{"line":5,"column":0},"end":{"line":5,"column":14}},"5":{"start":{"line":6,"column":0},"end":{"line":6,"column":33}},"6":{"start":{"line":7,"column":0},"end":{"line":7,"column":40}},"7":{"start":{"line":8,"column":0},"end":{"line":8,"column":16}},"8":{"start":{"line":9,"column":0},"end":{"line":9,"column":2}},"9":{"start":{"line":10,"column":0},"end":{"line":10,"column":0}},"10":{"start":{"line":11,"column":0},"end":{"line":11,"column":79}},"11":{"start":{"line":12,"column":0},"end":{"line":12,"column":82}},"12":{"start":{"line":13,"column":0},"end":{"line":13,"column":14}},"13":{"start":{"line":14,"column":0},"end":{"line":14,"column":33}},"14":{"start":{"line":15,"column":0},"end":{"line":15,"column":60}},"15":{"start":{"line":16,"column":0},"end":{"line":16,"column":21}},"16":{"start":{"line":17,"column":0},"end":{"line":17,"column":20}},"17":{"start":{"line":18,"column":0},"end":{"line":18,"column":12}},"18":{"start":{"line":19,"column":0},"end":{"line":19,"column":77}},"19":{"start":{"line":20,"column":0},"end":{"line":20,"column":68}},"20":{"start":{"line":21,"column":0},"end":{"line":21,"column":5}},"21":{"start":{"line":22,"column":0},"end":{"line":22,"column":16}},"22":{"start":{"line":23,"column":0},"end":{"line":23,"column":2}},"23":{"start":{"line":24,"column":0},"end":{"line":24,"column":0}},"24":{"start":{"line":25,"column":0},"end":{"line":25,"column":83}},"25":{"start":{"line":26,"column":0},"end":{"line":26,"column":22}},"26":{"start":{"line":27,"column":0},"end":{"line":27,"column":36}},"27":{"start":{"line":28,"column":0},"end":{"line":28,"column":16}},"28":{"start":{"line":29,"column":0},"end":{"line":29,"column":2}},"29":{"start":{"line":30,"column":0},"end":{"line":30,"column":0}},"30":{"start":{"line":31,"column":0},"end":{"line":31,"column":30}},"31":{"start":{"line":32,"column":0},"end":{"line":32,"column":33}},"32":{"start":{"line":33,"column":0},"end":{"line":33,"column":28}},"33":{"start":{"line":34,"column":0},"end":{"line":34,"column":6}},"34":{"start":{"line":35,"column":0},"end":{"line":35,"column":24}},"35":{"start":{"line":36,"column":0},"end":{"line":36,"column":34}},"36":{"start":{"line":37,"column":0},"end":{"line":37,"column":16}},"37":{"start":{"line":38,"column":0},"end":{"line":38,"column":2}},"38":{"start":{"line":39,"column":0},"end":{"line":39,"column":0}},"39":{"start":{"line":40,"column":0},"end":{"line":40,"column":84}},"40":{"start":{"line":41,"column":0},"end":{"line":41,"column":72}},"41":{"start":{"line":42,"column":0},"end":{"line":42,"column":2}},"42":{"start":{"line":43,"column":0},"end":{"line":43,"column":0}},"43":{"start":{"line":44,"column":0},"end":{"line":44,"column":87}},"44":{"start":{"line":45,"column":0},"end":{"line":45,"column":80}},"45":{"start":{"line":46,"column":0},"end":{"line":46,"column":2}}},"s":{"0":1,"1":1,"2":1,"3":1,"4":3,"5":2,"6":2,"7":3,"8":3,"9":1,"10":1,"11":1,"12":4,"13":3,"14":3,"15":3,"16":1,"17":3,"18":2,"19":2,"20":2,"21":4,"22":4,"23":1,"24":1,"25":1,"26":1,"27":1,"28":1,"29":1,"30":1,"31":2,"32":2,"33":2,"34":2,"35":1,"36":1,"37":2,"38":1,"39":1,"40":1,"41":1,"42":1,"43":1,"44":1,"45":1},"branchMap":{"0":{"type":"branch","line":4,"loc":{"start":{"line":4,"column":78},"end":{"line":9,"column":2}},"locations":[{"start":{"line":4,"column":78},"end":{"line":9,"column":2}}]},"1":{"type":"branch","line":5,"loc":{"start":{"line":5,"column":13},"end":{"line":8,"column":9}},"locations":[{"start":{"line":5,"column":13},"end":{"line":8,"column":9}}]},"2":{"type":"branch","line":8,"loc":{"start":{"line":8,"column":2},"end":{"line":8,"column":16}},"locations":[{"start":{"line":8,"column":2},"end":{"line":8,"column":16}}]},"3":{"type":"branch","line":9,"loc":{"start":{"line":9,"column":0},"end":{"line":9,"column":2}},"locations":[{"start":{"line":9,"column":0},"end":{"line":9,"column":2}}]},"4":{"type":"branch","line":12,"loc":{"start":{"line":12,"column":41},"end":{"line":23,"column":2}},"locations":[{"start":{"line":12,"column":41},"end":{"line":23,"column":2}}]},"5":{"type":"branch","line":13,"loc":{"start":{"line":13,"column":13},"end":{"line":22,"column":9}},"locations":[{"start":{"line":13,"column":13},"end":{"line":22,"column":9}}]},"6":{"type":"branch","line":16,"loc":{"start":{"line":16,"column":20},"end":{"line":18,"column":11}},"locations":[{"start":{"line":16,"column":20},"end":{"line":18,"column":11}}]},"7":{"type":"branch","line":18,"loc":{"start":{"line":18,"column":4},"end":{"line":21,"column":5}},"locations":[{"start":{"line":18,"column":4},"end":{"line":21,"column":5}}]},"8":{"type":"branch","line":22,"loc":{"start":{"line":22,"column":2},"end":{"line":22,"column":16}},"locations":[{"start":{"line":22,"column":2},"end":{"line":22,"column":16}}]},"9":{"type":"branch","line":23,"loc":{"start":{"line":23,"column":0},"end":{"line":23,"column":2}},"locations":[{"start":{"line":23,"column":0},"end":{"line":23,"column":2}}]},"10":{"type":"branch","line":25,"loc":{"start":{"line":25,"column":31},"end":{"line":29,"column":2}},"locations":[{"start":{"line":25,"column":31},"end":{"line":29,"column":2}}]},"11":{"type":"branch","line":28,"loc":{"start":{"line":28,"column":2},"end":{"line":28,"column":16}},"locations":[{"start":{"line":28,"column":2},"end":{"line":28,"column":16}}]},"12":{"type":"branch","line":29,"loc":{"start":{"line":29,"column":0},"end":{"line":29,"column":2}},"locations":[{"start":{"line":29,"column":0},"end":{"line":29,"column":2}}]},"13":{"type":"branch","line":31,"loc":{"start":{"line":31,"column":29},"end":{"line":38,"column":2}},"locations":[{"start":{"line":31,"column":29},"end":{"line":38,"column":2}}]},"14":{"type":"branch","line":35,"loc":{"start":{"line":35,"column":23},"end":{"line":37,"column":16}},"locations":[{"start":{"line":35,"column":23},"end":{"line":37,"column":16}}]},"15":{"type":"branch","line":38,"loc":{"start":{"line":38,"column":0},"end":{"line":38,"column":2}},"locations":[{"start":{"line":38,"column":0},"end":{"line":38,"column":2}}]},"16":{"type":"branch","line":40,"loc":{"start":{"line":40,"column":32},"end":{"line":42,"column":2}},"locations":[{"start":{"line":40,"column":32},"end":{"line":42,"column":2}}]},"17":{"type":"branch","line":41,"loc":{"start":{"line":41,"column":23},"end":{"line":41,"column":70}},"locations":[{"start":{"line":41,"column":23},"end":{"line":41,"column":70}}]},"18":{"type":"branch","line":42,"loc":{"start":{"line":42,"column":0},"end":{"line":42,"column":2}},"locations":[{"start":{"line":42,"column":0},"end":{"line":42,"column":2}}]},"19":{"type":"branch","line":44,"loc":{"start":{"line":44,"column":35},"end":{"line":46,"column":2}},"locations":[{"start":{"line":44,"column":35},"end":{"line":46,"column":2}}]},"20":{"type":"branch","line":45,"loc":{"start":{"line":45,"column":23},"end":{"line":45,"column":72}},"locations":[{"start":{"line":45,"column":23},"end":{"line":45,"column":72}}]},"21":{"type":"branch","line":46,"loc":{"start":{"line":46,"column":0},"end":{"line":46,"column":2}},"locations":[{"start":{"line":46,"column":0},"end":{"line":46,"column":2}}]}},"b":{"0":[3],"1":[2],"2":[1],"3":[3],"4":[4],"5":[3],"6":[1],"7":[2],"8":[1],"9":[4],"10":[1],"11":[0],"12":[1],"13":[2],"14":[1],"15":[2],"16":[1],"17":[3],"18":[1],"19":[1],"20":[3],"21":[1]},"fnMap":{"0":{"name":"roundToOneDecimalPlace","decl":{"start":{"line":4,"column":78},"end":{"line":9,"column":2}},"loc":{"start":{"line":4,"column":78},"end":{"line":9,"column":2}},"line":4},"1":{"name":"get","decl":{"start":{"line":9,"column":0},"end":{"line":9,"column":2}},"loc":{"start":{"line":9,"column":0},"end":{"line":9,"column":2}},"line":9},"2":{"name":"transformFourDigitNumbers","decl":{"start":{"line":12,"column":41},"end":{"line":23,"column":2}},"loc":{"start":{"line":12,"column":41},"end":{"line":23,"column":2}},"line":12},"3":{"name":"get","decl":{"start":{"line":23,"column":0},"end":{"line":23,"column":2}},"loc":{"start":{"line":23,"column":0},"end":{"line":23,"column":2}},"line":23},"4":{"name":"dataNotIncluded","decl":{"start":{"line":25,"column":31},"end":{"line":29,"column":2}},"loc":{"start":{"line":25,"column":31},"end":{"line":29,"column":2}},"line":25},"5":{"name":"get","decl":{"start":{"line":29,"column":0},"end":{"line":29,"column":2}},"loc":{"start":{"line":29,"column":0},"end":{"line":29,"column":2}},"line":29},"6":{"name":"includesTitle","decl":{"start":{"line":31,"column":29},"end":{"line":38,"column":2}},"loc":{"start":{"line":31,"column":29},"end":{"line":38,"column":2}},"line":31},"7":{"name":"get","decl":{"start":{"line":38,"column":0},"end":{"line":38,"column":2}},"loc":{"start":{"line":38,"column":0},"end":{"line":38,"column":2}},"line":38},"8":{"name":"filterMoviesById","decl":{"start":{"line":40,"column":32},"end":{"line":42,"column":2}},"loc":{"start":{"line":40,"column":32},"end":{"line":42,"column":2}},"line":40},"9":{"name":"get","decl":{"start":{"line":42,"column":0},"end":{"line":42,"column":2}},"loc":{"start":{"line":42,"column":0},"end":{"line":42,"column":2}},"line":42},"10":{"name":"filterMoviesByIndex","decl":{"start":{"line":44,"column":35},"end":{"line":46,"column":2}},"loc":{"start":{"line":44,"column":35},"end":{"line":46,"column":2}},"line":44},"11":{"name":"get","decl":{"start":{"line":46,"column":0},"end":{"line":46,"column":2}},"loc":{"start":{"line":46,"column":0},"end":{"line":46,"column":2}},"line":46}},"f":{"0":3,"1":3,"2":4,"3":4,"4":1,"5":1,"6":2,"7":2,"8":1,"9":1,"10":1,"11":1}}
}
